#
# A fatal error has been detected by the Java Runtime Environment:
#
#  Internal Error (javaCalls.cpp:51), pid=2352, tid=0x00000000000029e8
#  guarantee(thread->is_Java_thread()) failed: crucial check - the VM thread cannot and must not escape to Java code
#
# JRE version: Java(TM) SE Runtime Environment (8.0_211-b12) (build 1.8.0_211-b12)
# Java VM: Java HotSpot(TM) 64-Bit Server VM (25.211-b12 mixed mode windows-amd64 compressed oops)
# Failed to write core dump. Minidumps are not enabled by default on client versions of Windows
#
# If you would like to submit a bug report, please visit:
#   http://bugreport.java.com/bugreport/crash.jsp
#

---------------  T H R E A D  ---------------

Current thread (0x00000000152d9800):  VMThread [stack: 0x0000000016fd0000,0x00000000170d0000] [id=10728]

Stack: [0x0000000016fd0000,0x00000000170d0000]
[error occurred during error reporting (printing stack bounds), id 0xc0000005]

Native frames: (J=compiled Java code, j=interpreted, Vv=VM code, C=native code)

VM_Operation (0x0000000017e0efe0): GetOrSetLocal, mode: safepoint, requested by thread 0x0000000017204800


---------------  P R O C E S S  ---------------

Java Threads: ( => current thread )
  0x00000000172b6800 JavaThread "Service Thread" daemon [_thread_blocked, id=1612, stack(0x0000000018410000,0x0000000018510000)]
  0x000000001722e000 JavaThread "C1 CompilerThread3" daemon [_thread_blocked, id=10024, stack(0x0000000018310000,0x0000000018410000)]
  0x000000001722d800 JavaThread "C2 CompilerThread2" daemon [_thread_blocked, id=6868, stack(0x0000000018210000,0x0000000018310000)]
  0x000000001722b800 JavaThread "C2 CompilerThread1" daemon [_thread_blocked, id=32, stack(0x0000000018110000,0x0000000018210000)]
  0x0000000017226000 JavaThread "C2 CompilerThread0" daemon [_thread_blocked, id=10948, stack(0x0000000018010000,0x0000000018110000)]
  0x0000000017217000 JavaThread "JDWP Command Reader" daemon [_thread_in_native, id=13120, stack(0x0000000017f10000,0x0000000018010000)]
  0x0000000017210000 JavaThread "JDWP Event Helper Thread" daemon [_thread_blocked, id=7984, stack(0x0000000017e10000,0x0000000017f10000)]
  0x0000000017204800 JavaThread "JDWP Transport Listener: dt_socket" daemon [_thread_blocked, id=10484, stack(0x0000000017d10000,0x0000000017e10000)]
  0x00000000171fc800 JavaThread "Attach Listener" daemon [_thread_blocked, id=6460, stack(0x00000000178d0000,0x00000000179d0000)]
  0x00000000171fb000 JavaThread "Signal Dispatcher" daemon [_thread_blocked, id=8432, stack(0x00000000177d0000,0x00000000178d0000)]
  0x00000000171f0800 JavaThread "Finalizer" daemon [_thread_blocked, id=10228, stack(0x00000000175d0000,0x00000000176d0000)]
  0x00000000027ba000 JavaThread "Reference Handler" daemon [_thread_blocked, id=4940, stack(0x00000000170d0000,0x00000000171d0000)]
  0x00000000026c3800 JavaThread "main" [_thread_blocked, id=8008, stack(0x00000000025b0000,0x00000000026b0000)]

Other Threads:
=>0x00000000152d9800 VMThread [stack: 0x0000000016fd0000,0x00000000170d0000] [id=10728]
  0x00000000172d9000 WatcherThread [stack: 0x0000000018510000,0x0000000018610000] [id=4424]

VM state:at safepoint (normal execution)

VM Mutex/Monitor currently owned by a thread:  ([mutex/lock_event])
[0x00000000026c06d0] Threads_lock - owner thread: 0x00000000152d9800

heap address: 0x00000000c0000000, size: 1024 MB, Compressed Oops mode: 32-bit
Narrow klass base: 0x0000000000000000, Narrow klass shift: 3
Compressed class space size: 1073741824 Address: 0x0000000100000000

Heap:
 PSYoungGen      total 153088K, used 7895K [0x00000000eab00000, 0x00000000f5580000, 0x0000000100000000)
  eden space 131584K, 6% used [0x00000000eab00000,0x00000000eb2b5d48,0x00000000f2b80000)
  from space 21504K, 0% used [0x00000000f4080000,0x00000000f4080000,0x00000000f5580000)
  to   space 21504K, 0% used [0x00000000f2b80000,0x00000000f2b80000,0x00000000f4080000)
 ParOldGen       total 349696K, used 0K [0x00000000c0000000, 0x00000000d5580000, 0x00000000eab00000)
  object space 349696K, 0% used [0x00000000c0000000,0x00000000c0000000,0x00000000d5580000)
 Metaspace       used 2560K, capacity 4566K, committed 4864K, reserved 1056768K
  class space    used 282K, capacity 390K, committed 512K, reserved 1048576K

Card table byte_map: [0x0000000011b80000,0x0000000011d90000] byte_map_base: 0x0000000011580000

Marking Bits: (ParMarkBitMap*) 0x0000000065bf5ce0
 Begin Bits: [0x00000000126f0000, 0x00000000136f0000)
 End Bits:   [0x00000000136f0000, 0x00000000146f0000)

Polling page: 0x00000000003f0000

CodeCache: size=245760Kb used=1116Kb max_used=1116Kb free=244643Kb
 bounds [0x00000000027c0000, 0x0000000002a30000, 0x00000000117c0000]
 total_blobs=256 nmethods=32 adapters=145
 compilation: enabled

Compilation events (10 events):
Event: 0.124 Thread 0x000000001722e000   28       3       java.lang.String::startsWith (72 bytes)
Event: 0.124 Thread 0x000000001722e000 nmethod 28 0x00000000028d5690 code [0x00000000028d5800, 0x00000000028d5b30]
Event: 0.124 Thread 0x000000001722e000   29       1       java.lang.Object::<init> (1 bytes)
Event: 0.124 Thread 0x000000001722e000 nmethod 29 0x00000000028d5d10 code [0x00000000028d5e60, 0x00000000028d5f70]
Event: 0.124 Thread 0x000000001722e000   30       3       java.lang.String::startsWith (7 bytes)
Event: 0.124 Thread 0x000000001722e000 nmethod 30 0x00000000028d5fd0 code [0x00000000028d6140, 0x00000000028d6368]
Event: 0.124 Thread 0x000000001722e000   31       3       java.lang.StringBuilder::append (8 bytes)
Event: 0.124 Thread 0x000000001722e000 nmethod 31 0x00000000028d6410 code [0x00000000028d6580, 0x00000000028d6728]
Event: 0.125 Thread 0x000000001722e000   32       3       java.lang.String::indexOf (166 bytes)
Event: 0.125 Thread 0x000000001722e000 nmethod 32 0x00000000028d67d0 code [0x00000000028d6980, 0x00000000028d6fd0]

GC Heap History (0 events):
No events

Deoptimization events (0 events):
No events

Classes redefined (2 events):
Event: 190.209 Thread 0x00000000152d9800 redefined class name=ProcessLargeTreeNumber, count=1
Event: 247.571 Thread 0x00000000152d9800 redefined class name=ProcessLargeTreeNumber, count=2

Internal exceptions (2 events):
Event: 0.024 Thread 0x00000000026c3800 Exception <a 'java/lang/NoSuchMethodError': Method sun.misc.Unsafe.defineClass(Ljava/lang/String;[BII)Ljava/lang/Class; name or signature does not match> (0x00000000eab07cb0) thrown at [C:\re\workspace\8-2-build-windows-amd64-cygwin\jdk8u211\12973\hotspot
Event: 0.025 Thread 0x00000000026c3800 Exception <a 'java/lang/NoSuchMethodError': Method sun.misc.Unsafe.prefetchRead(Ljava/lang/Object;J)V name or signature does not match> (0x00000000eab07f98) thrown at [C:\re\workspace\8-2-build-windows-amd64-cygwin\jdk8u211\12973\hotspot\src\share\vm\prim

Events (10 events):
Event: 261.749 Executing VM operation: ChangeBreakpoints done
Event: 267.686 Executing VM operation: GetCurrentContendedMonitor
Event: 267.686 Executing VM operation: GetCurrentContendedMonitor done
Event: 267.686 Executing VM operation: GetOwnedMonitorInfo
Event: 267.686 Executing VM operation: GetOwnedMonitorInfo done
Event: 268.415 Executing VM operation: GetCurrentContendedMonitor
Event: 268.416 Executing VM operation: GetCurrentContendedMonitor done
Event: 268.416 Executing VM operation: GetOwnedMonitorInfo
Event: 268.416 Executing VM operation: GetOwnedMonitorInfo done
Event: 270.491 Executing VM operation: GetOrSetLocal


Dynamic libraries:
0x00007ff60f7b0000 - 0x00007ff60f7e7000 	C:\Program Files\Java\jre1.8.0_211\bin\javaw.exe
0x00007ffe252b0000 - 0x00007ffe2549d000 	C:\WINDOWS\SYSTEM32\ntdll.dll
0x00007ffe23260000 - 0x00007ffe23313000 	C:\WINDOWS\System32\KERNEL32.DLL
0x00007ffe21720000 - 0x00007ffe219b3000 	C:\WINDOWS\System32\KERNELBASE.dll
0x00007ffe22530000 - 0x00007ffe225d3000 	C:\WINDOWS\System32\ADVAPI32.dll
0x00007ffe22ee0000 - 0x00007ffe22f7e000 	C:\WINDOWS\System32\msvcrt.dll
0x00007ffe230c0000 - 0x00007ffe2315e000 	C:\WINDOWS\System32\sechost.dll
0x00007ffe22700000 - 0x00007ffe22822000 	C:\WINDOWS\System32\RPCRT4.dll
0x00007ffe22860000 - 0x00007ffe229f7000 	C:\WINDOWS\System32\USER32.dll
0x00007ffe21700000 - 0x00007ffe21720000 	C:\WINDOWS\System32\win32u.dll
0x00007ffe22830000 - 0x00007ffe22859000 	C:\WINDOWS\System32\GDI32.dll
0x00007ffe22340000 - 0x00007ffe224da000 	C:\WINDOWS\System32\gdi32full.dll
0x00007ffe21ad0000 - 0x00007ffe21b70000 	C:\WINDOWS\System32\msvcp_win.dll
0x00007ffe21380000 - 0x00007ffe2147a000 	C:\WINDOWS\System32\ucrtbase.dll
0x00007ffe0d0b0000 - 0x00007ffe0d329000 	C:\WINDOWS\WinSxS\amd64_microsoft.windows.common-controls_6595b64144ccf1df_6.0.17763.503_none_05b23ef40721f4ae\COMCTL32.dll
0x00007ffe22a00000 - 0x00007ffe22d2c000 	C:\WINDOWS\System32\combase.dll
0x00007ffe21b70000 - 0x00007ffe21bee000 	C:\WINDOWS\System32\bcryptPrimitives.dll
0x00007ffe224e0000 - 0x00007ffe2250e000 	C:\WINDOWS\System32\IMM32.DLL
0x0000000065c80000 - 0x0000000065d52000 	C:\Program Files\Java\jre1.8.0_211\bin\msvcr100.dll
0x00000000653d0000 - 0x0000000065c75000 	C:\Program Files\Java\jre1.8.0_211\bin\server\jvm.dll
0x00007ffe22d30000 - 0x00007ffe22d38000 	C:\WINDOWS\System32\PSAPI.DLL
0x00007ffe140a0000 - 0x00007ffe140a9000 	C:\WINDOWS\SYSTEM32\WSOCK32.dll
0x00007ffe1c300000 - 0x00007ffe1c30a000 	C:\WINDOWS\SYSTEM32\VERSION.dll
0x00007ffe15a00000 - 0x00007ffe15a24000 	C:\WINDOWS\SYSTEM32\WINMM.dll
0x00007ffe22690000 - 0x00007ffe226fd000 	C:\WINDOWS\System32\WS2_32.dll
0x00007ffe156f0000 - 0x00007ffe1571d000 	C:\WINDOWS\SYSTEM32\WINMMBASE.dll
0x00007ffe21660000 - 0x00007ffe216aa000 	C:\WINDOWS\System32\cfgmgr32.dll
0x00007ffe1b190000 - 0x00007ffe1b19f000 	C:\Program Files\Java\jre1.8.0_211\bin\verify.dll
0x00007ffe025f0000 - 0x00007ffe02619000 	C:\Program Files\Java\jre1.8.0_211\bin\java.dll
0x00007ffe02ae0000 - 0x00007ffe02b15000 	C:\Program Files\Java\jre1.8.0_211\bin\jdwp.dll
0x00007ffe1d8c0000 - 0x00007ffe1d8c8000 	C:\Program Files\Java\jre1.8.0_211\bin\npt.dll
0x00007ffe02ca0000 - 0x00007ffe02cb6000 	C:\Program Files\Java\jre1.8.0_211\bin\zip.dll
0x00007ffe23d30000 - 0x00007ffe25220000 	C:\WINDOWS\System32\SHELL32.dll
0x00007ffe23380000 - 0x00007ffe23428000 	C:\WINDOWS\System32\shcore.dll
0x00007ffe21bf0000 - 0x00007ffe2233a000 	C:\WINDOWS\System32\windows.storage.dll
0x00007ffe212d0000 - 0x00007ffe212f4000 	C:\WINDOWS\System32\profapi.dll
0x00007ffe21320000 - 0x00007ffe2137d000 	C:\WINDOWS\System32\powrprof.dll
0x00007ffe25220000 - 0x00007ffe25272000 	C:\WINDOWS\System32\shlwapi.dll
0x00007ffe21300000 - 0x00007ffe21311000 	C:\WINDOWS\System32\kernel.appcore.dll
0x00007ffe216b0000 - 0x00007ffe216c7000 	C:\WINDOWS\System32\cryptsp.dll
0x00007ffe1bae0000 - 0x00007ffe1bae9000 	C:\Program Files\Java\jre1.8.0_211\bin\dt_socket.dll
0x00007ffe16c30000 - 0x00007ffe16c46000 	C:\WINDOWS\system32\napinsp.dll
0x00007ffe15e80000 - 0x00007ffe15e9a000 	C:\WINDOWS\system32\pnrpnsp.dll
0x00007ffe20b30000 - 0x00007ffe20b97000 	C:\WINDOWS\System32\mswsock.dll
0x00007ffe208d0000 - 0x00007ffe20996000 	C:\WINDOWS\SYSTEM32\DNSAPI.dll
0x00007ffe22fe0000 - 0x00007ffe22fe8000 	C:\WINDOWS\System32\NSI.dll
0x00007ffe20890000 - 0x00007ffe208cd000 	C:\WINDOWS\SYSTEM32\IPHLPAPI.DLL
0x00007ffe15720000 - 0x00007ffe1572e000 	C:\WINDOWS\System32\winrnr.dll
0x00007ffe1c510000 - 0x00007ffe1c52b000 	C:\WINDOWS\system32\NLAapi.dll
0x00007ffe15590000 - 0x00007ffe155a5000 	C:\WINDOWS\system32\wshbth.dll
0x00007ffe1a6a0000 - 0x00007ffe1a719000 	C:\WINDOWS\System32\fwpuclnt.dll
0x00007ffe216d0000 - 0x00007ffe216f6000 	C:\WINDOWS\System32\bcrypt.dll
0x00007ffe1acd0000 - 0x00007ffe1acda000 	C:\Windows\System32\rasadhlp.dll

VM Arguments:
jvm_args: -agentlib:jdwp=transport=dt_socket,suspend=y,address=localhost:64724 -Xms512M -Xmx1024M -Dfile.encoding=Cp1252 
java_command: ProcessLargeTreeNumber
java_class_path (initial): C:\SPB_Data\git\GraMiF\Graph_preprocess\bin;C:\SPB_Data\git\GraMiF\Graph_preprocess\lib_javaML\ajt-2.9.jar;C:\SPB_Data\git\GraMiF\Graph_preprocess\lib_javaML\commons-math-1.2.jar;C:\SPB_Data\git\GraMiF\Graph_preprocess\lib_javaML\Jama-1.0.2.jar;C:\SPB_Data\git\GraMiF\Graph_preprocess\lib_javaML\javaml-0.1.7.jar;C:\SPB_Data\git\GraMiF\Graph_preprocess\lib_javaML\libsvm.jar;C:\SPB_Data\git\GraMiF\Graph_preprocess\lib_javaML\weka.jar;C:\Users\Alex\workspace\textManager\target\classes;C:\Users\Alex\.m2\repository\net\sf\extjwnl\extjwnl\1.9.3\extjwnl-1.9.3.jar;C:\Users\Alex\.m2\repository\org\slf4j\slf4j-api\1.7.25\slf4j-api-1.7.25.jar;C:\Users\Alex\.m2\repository\com\googlecode\concurrentlinkedhashmap\concurrentlinkedhashmap-lru\1.3.2\concurrentlinkedhashmap-lru-1.3.2.jar;C:\Users\Alex\.m2\repository\net\sf\extjwnl\extjwnl-data-wn31\1.2\extjwnl-data-wn31-1.2.jar;C:\Users\Alex\.m2\repository\org\slf4j\slf4j-log4j12\1.8.0-beta0\slf4j-log4j12-1.8.0-beta0.jar;C:\Users\Alex\.m2\repository\log4j\log4j\1.2.17\log4j-1.2.17.jar;C:\SPB_Data\git\GraMiF\Graph_preprocess\textManager-0.0.1-SNAPSHOT-jar-with-dependencies.jar;C:\Users\Alex\workspace\stringManager\bin;C:\SPB_Data\git\GraMiF\Graph_preprocess;C:\SPB_Data\git\GraMiF\Graph_preprocess\spmf.jar;C:\SPB_Data\git\GraMiF\Graph_preprocess\parsemis-2008-12-01.jar;C:\SPB_Data\git\apted\bin;C:\Users\Alex\.gradle\caches\modules-2\files-2.1\junit\junit\4.12\2973d150c0dc1fefe998f834810d68f278ea58ec\junit-4.12.jar;C:\Users\Alex\.gradle\caches\modules-2\files-2.1\com.google.code.gson\gson\2.8.2\3edcfe49d2c6053a70a2a47e4e1c2f94998a49cf\gson-2.8.2.jar;C:\Users\Alex\.gradle\caches\modules-2\files-2.1\org.hamcrest\hamcrest-core\1.3\42a25dc3219429f0e5d060061f71acb49bf010a0\hamcrest-core-1.3.jar
Launcher Type: SUN_STANDARD

Environment Variables:
JAVA_HOME=C:\Program Files\Java\jdk1.8.0_73\bin
PATH=C:\ProgramData\Oracle\Java\javapath;C:\Program Files (x86)\Common Files\Oracle\Java\javapath;C:\Program Files\NVIDIA GPU Computing Toolkit\CUDA\v8.0\bin;C:\Program Files\NVIDIA GPU Computing Toolkit\CUDA\v8.0\libnvvp;C:\Program Files\MiKTeX 2.9\miktex\bin\x64\;C:\WINDOWS\system32;C:\WINDOWS;C:\WINDOWS\System32\Wbem;C:\WINDOWS\System32\WindowsPowerShell\v1.0\;C:\WINDOWS\System32\OpenSSH\;C:\cygwin64\bin\cygwin1.dll;C:\Users\Alex\AppData\Local\Microsoft\WindowsApps;C:\Users\Alex\AppData\Local\atom\bin;c:\Users\Alex\AppData\Local\atom\bin;%USERPROFILE%\AppData\Local\Microsoft\WindowsApps;C:\Program Files\MiKTeX 2.9\miktex\bin\x64\;
USERNAME=Alex
OS=Windows_NT
PROCESSOR_IDENTIFIER=Intel64 Family 6 Model 94 Stepping 3, GenuineIntel



---------------  S Y S T E M  ---------------

OS: Windows 10.0 , 64 bit Build 17763 (10.0.17763.475)

CPU:total 8 (initial active 8) (4 cores per cpu, 2 threads per core) family 6 model 94 stepping 3, cmov, cx8, fxsr, mmx, sse, sse2, sse3, ssse3, sse4.1, sse4.2, popcnt, avx, avx2, aes, clmul, erms, rtm, 3dnowpref, lzcnt, ht, tsc, tscinvbit, bmi1, bmi2, adx

Memory: 4k page, physical 16732840k(10768712k free), swap 16732840k(9125824k free)

vm_info: Java HotSpot(TM) 64-Bit Server VM (25.211-b12) for windows-amd64 JRE (1.8.0_211-b12), built on Apr  1 2019 20:53:26 by "java_re" with MS VC++ 10.0 (VS2010)

time: Mon May 27 13:16:04 2019
timezone: GTB Daylight Time
elapsed time: 270 seconds (0d 0h 4m 30s)

